<?xml version="1.0" encoding="UTF-8"?>
<!-- Generated by org.testng.reporters.JUnitXMLReporter -->
<testsuite ignored="0" hostname="LAPTOP-POCHI3TQ" failures="0" tests="13" name="Default test" time="20.671" errors="0" timestamp="2023-10-07T17:15:21 IST">
  <testcase classname="com.opencart.tests.PhonesAndPDAsTest" name="testPhoneAndPDAs" time="2.506"/>
  <testcase classname="com.opencart.tests.PhonesAndPDAsTest" name="testPhoneAndPDASPage" time="0.012"/>
  <testcase classname="com.opencart.tests.PhonesAndPDAsTest" name="testGridView" time="0.208"/>
  <testcase classname="com.opencart.tests.PhonesAndPDAsTest" name="testRating" time="1.626"/>
  <testcase classname="com.opencart.tests.PhonesAndPDAsTest" name="testRange" time="0.839"/>
  <testcase classname="com.opencart.tests.PhonesAndPDAsTest" name="testIphone" time="4.695"/>
  <testcase classname="com.opencart.tests.PhonesAndPDAsTest" name="testIphonePage" time="0.015"/>
  <testcase classname="com.opencart.tests.PhonesAndPDAsTest" name="testIphoneImage" time="0.189"/>
  <testcase classname="com.opencart.tests.PhonesAndPDAsTest" name="testNextButton" time="0.161"/>
  <testcase classname="com.opencart.tests.PhonesAndPDAsTest" name="testCloseButton" time="0.891"/>
  <testcase classname="com.opencart.tests.PhonesAndPDAsTest" name="testQuantity" time="0.291"/>
  <testcase classname="com.opencart.tests.PhonesAndPDAsTest" name="testAddToCart" time="0.175"/>
  <testcase classname="com.opencart.tests.PhonesAndPDAsTest" name="testViewCart" time="0.216"/>
</testsuite> <!-- Default test -->
