<?xml version="1.0" encoding="UTF-8"?>
<testng-results ignored="0" total="5" passed="4" failed="1" skipped="0">
  <reporter-output>
  </reporter-output>
  <suite started-at="2023-09-29T18:36:45 IST" name="Default suite" finished-at="2023-09-29T18:37:32 IST" duration-ms="47055">
    <groups>
    </groups>
    <test started-at="2023-09-29T18:36:45 IST" name="Default test" finished-at="2023-09-29T18:37:32 IST" duration-ms="47055">
      <class name="com.opencart.tests.LoginTest_DDT">
        <test-method is-config="true" signature="setUp()[pri:0, instance:com.opencart.tests.LoginTest_DDT@4d154ccd]" started-at="2023-09-29T18:36:45 IST" name="setUp" finished-at="2023-09-29T18:36:54 IST" duration-ms="8987" status="PASS">
          <reporter-output>
          </reporter-output>
        </test-method> <!-- setUp -->
        <test-method signature="testLoginDetails(java.lang.String,java.lang.String)[pri:0, instance:com.opencart.tests.LoginTest_DDT@4d154ccd]" started-at="2023-09-29T18:36:54 IST" name="testLoginDetails" data-provider="LoginData" finished-at="2023-09-29T18:36:56 IST" duration-ms="1634" status="PASS">
          <params>
            <param index="0">
              <value>
                <![CDATA[abc@gmail.com]]>
              </value>
            </param>
            <param index="1">
              <value>
                <![CDATA[abc456&]]>
              </value>
            </param>
          </params>
          <reporter-output>
          </reporter-output>
        </test-method> <!-- testLoginDetails -->
        <test-method is-config="true" signature="tearDown()[pri:0, instance:com.opencart.tests.LoginTest_DDT@4d154ccd]" started-at="2023-09-29T18:36:56 IST" name="tearDown" finished-at="2023-09-29T18:36:56 IST" duration-ms="167" status="PASS">
          <reporter-output>
          </reporter-output>
        </test-method> <!-- tearDown -->
        <test-method is-config="true" signature="setUp()[pri:0, instance:com.opencart.tests.LoginTest_DDT@4d154ccd]" started-at="2023-09-29T18:36:56 IST" name="setUp" finished-at="2023-09-29T18:37:04 IST" duration-ms="7649" status="PASS">
          <reporter-output>
          </reporter-output>
        </test-method> <!-- setUp -->
        <test-method signature="testLoginDetails(java.lang.String,java.lang.String)[pri:0, instance:com.opencart.tests.LoginTest_DDT@4d154ccd]" started-at="2023-09-29T18:37:04 IST" name="testLoginDetails" data-provider="LoginData" finished-at="2023-09-29T18:37:05 IST" duration-ms="1553" status="PASS">
          <params>
            <param index="0">
              <value>
                <![CDATA[xyz@gmail.com]]>
              </value>
            </param>
            <param index="1">
              <value>
                <![CDATA[rteg45&]]>
              </value>
            </param>
          </params>
          <reporter-output>
          </reporter-output>
        </test-method> <!-- testLoginDetails -->
        <test-method is-config="true" signature="tearDown()[pri:0, instance:com.opencart.tests.LoginTest_DDT@4d154ccd]" started-at="2023-09-29T18:37:05 IST" name="tearDown" finished-at="2023-09-29T18:37:06 IST" duration-ms="157" status="PASS">
          <reporter-output>
          </reporter-output>
        </test-method> <!-- tearDown -->
        <test-method is-config="true" signature="setUp()[pri:0, instance:com.opencart.tests.LoginTest_DDT@4d154ccd]" started-at="2023-09-29T18:37:06 IST" name="setUp" finished-at="2023-09-29T18:37:13 IST" duration-ms="6913" status="PASS">
          <reporter-output>
          </reporter-output>
        </test-method> <!-- setUp -->
        <test-method signature="testLoginDetails(java.lang.String,java.lang.String)[pri:0, instance:com.opencart.tests.LoginTest_DDT@4d154ccd]" started-at="2023-09-29T18:37:13 IST" name="testLoginDetails" data-provider="LoginData" finished-at="2023-09-29T18:37:15 IST" duration-ms="2092" status="PASS">
          <params>
            <param index="0">
              <value>
                <![CDATA[piyushr219@gmail.com]]>
              </value>
            </param>
            <param index="1">
              <value>
                <![CDATA[TESTdemo123@]]>
              </value>
            </param>
          </params>
          <reporter-output>
          </reporter-output>
        </test-method> <!-- testLoginDetails -->
        <test-method is-config="true" signature="tearDown()[pri:0, instance:com.opencart.tests.LoginTest_DDT@4d154ccd]" started-at="2023-09-29T18:37:15 IST" name="tearDown" finished-at="2023-09-29T18:37:15 IST" duration-ms="128" status="PASS">
          <reporter-output>
          </reporter-output>
        </test-method> <!-- tearDown -->
        <test-method is-config="true" signature="setUp()[pri:0, instance:com.opencart.tests.LoginTest_DDT@4d154ccd]" started-at="2023-09-29T18:37:15 IST" name="setUp" finished-at="2023-09-29T18:37:21 IST" duration-ms="6701" status="PASS">
          <reporter-output>
          </reporter-output>
        </test-method> <!-- setUp -->
        <test-method signature="testLoginDetails(java.lang.String,java.lang.String)[pri:0, instance:com.opencart.tests.LoginTest_DDT@4d154ccd]" started-at="2023-09-29T18:37:21 IST" name="testLoginDetails" data-provider="LoginData" finished-at="2023-09-29T18:37:23 IST" duration-ms="1464" status="PASS">
          <params>
            <param index="0">
              <value>
                <![CDATA[mno@gmail.com]]>
              </value>
            </param>
            <param index="1">
              <value>
                <![CDATA[tervvv&]]>
              </value>
            </param>
          </params>
          <reporter-output>
          </reporter-output>
        </test-method> <!-- testLoginDetails -->
        <test-method is-config="true" signature="tearDown()[pri:0, instance:com.opencart.tests.LoginTest_DDT@4d154ccd]" started-at="2023-09-29T18:37:23 IST" name="tearDown" finished-at="2023-09-29T18:37:23 IST" duration-ms="130" status="PASS">
          <reporter-output>
          </reporter-output>
        </test-method> <!-- tearDown -->
        <test-method is-config="true" signature="setUp()[pri:0, instance:com.opencart.tests.LoginTest_DDT@4d154ccd]" started-at="2023-09-29T18:37:23 IST" name="setUp" finished-at="2023-09-29T18:37:31 IST" duration-ms="7768" status="PASS">
          <reporter-output>
          </reporter-output>
        </test-method> <!-- setUp -->
        <test-method signature="testLoginDetails(java.lang.String,java.lang.String)[pri:0, instance:com.opencart.tests.LoginTest_DDT@4d154ccd]" started-at="2023-09-29T18:37:31 IST" name="testLoginDetails" data-provider="LoginData" finished-at="2023-09-29T18:37:32 IST" duration-ms="748" status="FAIL">
          <params>
            <param index="0">
              <value is-null="true"/>
            </param>
            <param index="1">
              <value is-null="true"/>
            </param>
          </params>
          <exception class="java.lang.IllegalArgumentException">
            <message>
              <![CDATA[Keys to send should be a not null CharSequence]]>
            </message>
            <full-stacktrace>
              <![CDATA[java.lang.IllegalArgumentException: Keys to send should be a not null CharSequence
at org.openqa.selenium.remote.RemoteWebElement.sendKeys(RemoteWebElement.java:98)
at java.base/jdk.internal.reflect.NativeMethodAccessorImpl.invoke0(Native Method)
at java.base/jdk.internal.reflect.NativeMethodAccessorImpl.invoke(NativeMethodAccessorImpl.java:77)
at java.base/jdk.internal.reflect.DelegatingMethodAccessorImpl.invoke(DelegatingMethodAccessorImpl.java:43)
at java.base/java.lang.reflect.Method.invoke(Method.java:568)
at org.openqa.selenium.support.pagefactory.internal.LocatingElementHandler.invoke(LocatingElementHandler.java:52)
at jdk.proxy2/jdk.proxy2.$Proxy18.sendKeys(Unknown Source)
at com.opencart.pages.LoginPage.enterEmail(LoginPage.java:49)
at com.opencart.tests.LoginTest_DDT.testLoginDetails(LoginTest_DDT.java:38)
at java.base/jdk.internal.reflect.NativeMethodAccessorImpl.invoke0(Native Method)
at java.base/jdk.internal.reflect.NativeMethodAccessorImpl.invoke(NativeMethodAccessorImpl.java:77)
at java.base/jdk.internal.reflect.DelegatingMethodAccessorImpl.invoke(DelegatingMethodAccessorImpl.java:43)
at java.base/java.lang.reflect.Method.invoke(Method.java:568)
at org.testng.internal.invokers.MethodInvocationHelper.invokeMethod(MethodInvocationHelper.java:139)
at org.testng.internal.invokers.TestInvoker.invokeMethod(TestInvoker.java:677)
at org.testng.internal.invokers.TestInvoker.invokeTestMethod(TestInvoker.java:221)
at org.testng.internal.invokers.MethodRunner.runInSequence(MethodRunner.java:50)
at org.testng.internal.invokers.TestInvoker$MethodInvocationAgent.invoke(TestInvoker.java:969)
at org.testng.internal.invokers.TestInvoker.invokeTestMethods(TestInvoker.java:194)
at org.testng.internal.invokers.TestMethodWorker.invokeTestMethods(TestMethodWorker.java:148)
at org.testng.internal.invokers.TestMethodWorker.run(TestMethodWorker.java:128)
at java.base/java.util.ArrayList.forEach(ArrayList.java:1511)
at org.testng.TestRunner.privateRun(TestRunner.java:829)
at org.testng.TestRunner.run(TestRunner.java:602)
at org.testng.SuiteRunner.runTest(SuiteRunner.java:437)
at org.testng.SuiteRunner.runSequentially(SuiteRunner.java:431)
at org.testng.SuiteRunner.privateRun(SuiteRunner.java:391)
at org.testng.SuiteRunner.run(SuiteRunner.java:330)
at org.testng.SuiteRunnerWorker.runSuite(SuiteRunnerWorker.java:52)
at org.testng.SuiteRunnerWorker.run(SuiteRunnerWorker.java:95)
at org.testng.TestNG.runSuitesSequentially(TestNG.java:1256)
at org.testng.TestNG.runSuitesLocally(TestNG.java:1176)
at org.testng.TestNG.runSuites(TestNG.java:1099)
at org.testng.TestNG.run(TestNG.java:1067)
at org.testng.remote.AbstractRemoteTestNG.run(AbstractRemoteTestNG.java:115)
at org.testng.remote.RemoteTestNG.initAndRun(RemoteTestNG.java:251)
at org.testng.remote.RemoteTestNG.main(RemoteTestNG.java:77)
]]>
            </full-stacktrace>
          </exception> <!-- java.lang.IllegalArgumentException -->
          <reporter-output>
          </reporter-output>
        </test-method> <!-- testLoginDetails -->
        <test-method is-config="true" signature="tearDown()[pri:0, instance:com.opencart.tests.LoginTest_DDT@4d154ccd]" started-at="2023-09-29T18:37:32 IST" name="tearDown" finished-at="2023-09-29T18:37:32 IST" duration-ms="100" status="PASS">
          <reporter-output>
          </reporter-output>
        </test-method> <!-- tearDown -->
      </class> <!-- com.opencart.tests.LoginTest_DDT -->
    </test> <!-- Default test -->
  </suite> <!-- Default suite -->
</testng-results>
